<?xml version="1.0" encoding="UTF-8"?>
<!-- Generated by org.testng.reporters.JUnitReportReporter -->
<testsuite hostname="DESKTOP-1E9O627" name="Multiple_Test_scripts.SauceDemoShopingTestNG" tests="5" failures="0" timestamp="26 Apr 2021 10:22:27 GMT" time="18.706" errors="0">
  <testcase name="Shopping" time="3.811" classname="Multiple_Test_scripts.SauceDemoShopingTestNG"/>
  <testcase name="ContinueShoping" time="4.302" classname="Multiple_Test_scripts.SauceDemoShopingTestNG"/>
  <testcase name="TotalPrice" time="1.744" classname="Multiple_Test_scripts.SauceDemoShopingTestNG"/>
  <testcase name="LoginData" time="4.499" classname="Multiple_Test_scripts.SauceDemoShopingTestNG"/>
  <testcase name="UserInformation" time="4.350" classname="Multiple_Test_scripts.SauceDemoShopingTestNG"/>
</testsuite> <!-- Multiple_Test_scripts.SauceDemoShopingTestNG -->
