<?xml version="1.0" encoding="UTF-8"?>
<!-- Generated by org.testng.reporters.JUnitReportReporter -->
<testsuite hostname="DESKTOP-1E9O627" name="Multiple_Test_scripts.SauceDemoShopingTestNG" tests="5" failures="0" timestamp="23 Apr 2021 04:59:55 GMT" time="18.815" errors="0">
  <testcase name="UserInformation" time="4.418" classname="Multiple_Test_scripts.SauceDemoShopingTestNG"/>
  <testcase name="ContinueShoping" time="3.799" classname="Multiple_Test_scripts.SauceDemoShopingTestNG"/>
  <testcase name="TotalPrice" time="1.770" classname="Multiple_Test_scripts.SauceDemoShopingTestNG"/>
  <testcase name="LoginData" time="4.395" classname="Multiple_Test_scripts.SauceDemoShopingTestNG"/>
  <testcase name="Shopping" time="4.433" classname="Multiple_Test_scripts.SauceDemoShopingTestNG"/>
</testsuite> <!-- Multiple_Test_scripts.SauceDemoShopingTestNG -->
