<?xml version="1.0" encoding="UTF-8"?>
<!-- Generated by org.testng.reporters.JUnitReportReporter -->
<testsuite hostname="DESKTOP-1E9O627" name="SausceDemoScripts.SauceDemoShopingTestNG" tests="5" failures="0" timestamp="21 Apr 2021 04:51:16 GMT" time="20.257" errors="0">
  <testcase name="LoginData" time="4.032" classname="SausceDemoScripts.SauceDemoShopingTestNG"/>
  <testcase name="TotalPrice" time="2.476" classname="SausceDemoScripts.SauceDemoShopingTestNG"/>
  <testcase name="Shopping" time="4.879" classname="SausceDemoScripts.SauceDemoShopingTestNG"/>
  <testcase name="UserInformation" time="4.593" classname="SausceDemoScripts.SauceDemoShopingTestNG"/>
  <testcase name="ContinueShoping" time="4.277" classname="SausceDemoScripts.SauceDemoShopingTestNG"/>
</testsuite> <!-- SausceDemoScripts.SauceDemoShopingTestNG -->
