<?xml version="1.0" encoding="UTF-8"?>
<!-- Generated by org.testng.reporters.JUnitReportReporter -->
<testsuite hostname="DESKTOP-1E9O627" name="Home_Work_Foure_Scripts.YahooTestNG" tests="6" failures="0" timestamp="22 Apr 2021 22:15:38 GMT" time="13.958" errors="0">
  <testcase name="PhoneNumber" time="2.141" classname="Home_Work_Foure_Scripts.YahooTestNG"/>
  <testcase name="Signup" time="2.851" classname="Home_Work_Foure_Scripts.YahooTestNG"/>
  <testcase name="Dateofbarth" time="1.965" classname="Home_Work_Foure_Scripts.YahooTestNG"/>
  <testcase name="Signup" time="2.892" classname="Home_Work_Foure_Scripts.YahooTestNG"/>
  <testcase name="PhoneNumber" time="2.155" classname="Home_Work_Foure_Scripts.YahooTestNG"/>
  <testcase name="Dateofbarth" time="1.954" classname="Home_Work_Foure_Scripts.YahooTestNG"/>
</testsuite> <!-- Home_Work_Foure_Scripts.YahooTestNG -->
