<?xml version="1.0" encoding="UTF-8"?>
<!-- Generated by org.testng.reporters.JUnitReportReporter -->
<testsuite hostname="DESKTOP-1E9O627" name="Home_Work_Foure_Scripts.YahoosignupTestNG" tests="8" failures="0" timestamp="22 Apr 2021 22:15:38 GMT" time="14.500" errors="0">
  <testcase name="Signup" time="2.792" classname="Home_Work_Foure_Scripts.YahoosignupTestNG"/>
  <testcase name="PhoneNumber" time="1.113" classname="Home_Work_Foure_Scripts.YahoosignupTestNG"/>
  <testcase name="PhoneNumber" time="1.019" classname="Home_Work_Foure_Scripts.YahoosignupTestNG"/>
  <testcase name="DateofBirth" time="2.370" classname="Home_Work_Foure_Scripts.YahoosignupTestNG"/>
  <testcase name="Signup" time="2.972" classname="Home_Work_Foure_Scripts.YahoosignupTestNG"/>
  <testcase name="DateofBirth" time="2.484" classname="Home_Work_Foure_Scripts.YahoosignupTestNG"/>
  <testcase name="CrAccount" time="0.901" classname="Home_Work_Foure_Scripts.YahoosignupTestNG"/>
  <testcase name="CrAccount" time="0.849" classname="Home_Work_Foure_Scripts.YahoosignupTestNG"/>
</testsuite> <!-- Home_Work_Foure_Scripts.YahoosignupTestNG -->
