<?xml version="1.0" encoding="UTF-8"?>
<!-- Generated by org.testng.reporters.JUnitReportReporter -->
<testsuite hostname="DESKTOP-1E9O627" name="Home_Work_Foure_Scripts.ValidateLink" tests="16" failures="0" timestamp="22 Apr 2021 22:15:38 GMT" time="45.390" errors="0">
  <testcase name="NewProducts" time="3.443" classname="Home_Work_Foure_Scripts.ValidateLink"/>
  <testcase name="TrmsnCondi" time="3.137" classname="Home_Work_Foure_Scripts.ValidateLink"/>
  <testcase name="SiteMap" time="2.471" classname="Home_Work_Foure_Scripts.ValidateLink"/>
  <testcase name="SiteMap" time="2.568" classname="Home_Work_Foure_Scripts.ValidateLink"/>
  <testcase name="NewProducts" time="2.482" classname="Home_Work_Foure_Scripts.ValidateLink"/>
  <testcase name="BestSellers" time="2.413" classname="Home_Work_Foure_Scripts.ValidateLink"/>
  <testcase name="OurStores" time="2.566" classname="Home_Work_Foure_Scripts.ValidateLink"/>
  <testcase name="OurStores" time="4.360" classname="Home_Work_Foure_Scripts.ValidateLink"/>
  <testcase name="Special" time="2.648" classname="Home_Work_Foure_Scripts.ValidateLink"/>
  <testcase name="ContactUs" time="3.235" classname="Home_Work_Foure_Scripts.ValidateLink"/>
  <testcase name="AboutUs" time="2.367" classname="Home_Work_Foure_Scripts.ValidateLink"/>
  <testcase name="AboutUs" time="1.997" classname="Home_Work_Foure_Scripts.ValidateLink"/>
  <testcase name="TrmsnCondi" time="2.028" classname="Home_Work_Foure_Scripts.ValidateLink"/>
  <testcase name="Special" time="2.469" classname="Home_Work_Foure_Scripts.ValidateLink"/>
  <testcase name="ContactUs" time="2.623" classname="Home_Work_Foure_Scripts.ValidateLink"/>
  <testcase name="BestSellers" time="4.583" classname="Home_Work_Foure_Scripts.ValidateLink"/>
</testsuite> <!-- Home_Work_Foure_Scripts.ValidateLink -->
